<?xml version="1.0" encoding="UTF-8"?>
<testng-results ignored="0" total="4" passed="3" failed="1" skipped="0">
  <reporter-output>
  </reporter-output>
  <suite started-at="2023-01-25T14:57:52 IST" name="Default suite" finished-at="2023-01-25T14:58:04 IST" duration-ms="12422">
    <groups>
    </groups>
    <test started-at="2023-01-25T14:57:52 IST" name="Default test" finished-at="2023-01-25T14:58:04 IST" duration-ms="12422">
      <class name="takeScreenShotDynamic.ActiTimeTestNgLogin">
        <test-method is-config="true" signature="setUp()[pri:0, instance:takeScreenShotDynamic.ActiTimeTestNgLogin@5fd4f8f5]" started-at="2023-01-25T14:57:52 IST" name="setUp" finished-at="2023-01-25T14:57:55 IST" duration-ms="2547" status="PASS">
          <reporter-output>
          </reporter-output>
        </test-method> <!-- setUp -->
        <test-method signature="homePage()[pri:0, instance:takeScreenShotDynamic.ActiTimeTestNgLogin@5fd4f8f5]" started-at="2023-01-25T14:57:55 IST" name="homePage" finished-at="2023-01-25T14:57:59 IST" duration-ms="4686" status="PASS">
          <reporter-output>
          </reporter-output>
        </test-method> <!-- homePage -->
        <test-method is-config="true" signature="tearDown()[pri:0, instance:takeScreenShotDynamic.ActiTimeTestNgLogin@5fd4f8f5]" started-at="2023-01-25T14:57:59 IST" name="tearDown" finished-at="2023-01-25T14:58:00 IST" duration-ms="316" status="PASS">
          <reporter-output>
          </reporter-output>
        </test-method> <!-- tearDown -->
        <test-method is-config="true" signature="setUp()[pri:0, instance:takeScreenShotDynamic.ActiTimeTestNgLogin@5fd4f8f5]" started-at="2023-01-25T14:58:00 IST" name="setUp" finished-at="2023-01-25T14:58:01 IST" duration-ms="1475" status="PASS">
          <reporter-output>
          </reporter-output>
        </test-method> <!-- setUp -->
        <test-method signature="loginPage()[pri:0, instance:takeScreenShotDynamic.ActiTimeTestNgLogin@5fd4f8f5]" started-at="2023-01-25T14:58:01 IST" name="loginPage" finished-at="2023-01-25T14:58:01 IST" duration-ms="309" status="PASS">
          <reporter-output>
          </reporter-output>
        </test-method> <!-- loginPage -->
        <test-method is-config="true" signature="tearDown()[pri:0, instance:takeScreenShotDynamic.ActiTimeTestNgLogin@5fd4f8f5]" started-at="2023-01-25T14:58:01 IST" name="tearDown" finished-at="2023-01-25T14:58:02 IST" duration-ms="247" status="PASS">
          <reporter-output>
          </reporter-output>
        </test-method> <!-- tearDown -->
        <test-method signature="failed(java.lang.String)[pri:0, instance:takeScreenShotDynamic.ActiTimeTestNgLogin@5fd4f8f5]" started-at="2023-01-25T14:58:02 IST" name="failed" finished-at="2023-01-25T14:58:02 IST" duration-ms="0" status="FAIL">
          <exception class="org.testng.TestNGException">
            <message>
              <![CDATA[
Cannot inject @Test annotated Method [failed] with [class java.lang.String].
For more information on native dependency injection please refer to https://testng.org/doc/documentation-main.html#native-dependency-injection]]>
            </message>
            <full-stacktrace>
              <![CDATA[org.testng.TestNGException: 
Cannot inject @Test annotated Method [failed] with [class java.lang.String].
For more information on native dependency injection please refer to https://testng.org/doc/documentation-main.html#native-dependency-injection
at org.testng.internal.Parameters.checkParameterTypes(Parameters.java:439)
at org.testng.internal.Parameters.createParametersForMethod(Parameters.java:353)
at org.testng.internal.Parameters.createParameters(Parameters.java:708)
at org.testng.internal.Parameters.handleParameters(Parameters.java:884)
at org.testng.internal.Parameters.handleParameters(Parameters.java:740)
at org.testng.internal.ParameterHandler.handleParameters(ParameterHandler.java:59)
at org.testng.internal.ParameterHandler.createParameters(ParameterHandler.java:38)
at org.testng.internal.TestInvoker$MethodInvocationAgent.invoke(TestInvoker.java:791)
at org.testng.internal.TestInvoker.invokeTestMethods(TestInvoker.java:146)
at org.testng.internal.TestMethodWorker.invokeTestMethods(TestMethodWorker.java:146)
at org.testng.internal.TestMethodWorker.run(TestMethodWorker.java:128)
at java.base/java.util.ArrayList.forEach(ArrayList.java:1511)
at org.testng.TestRunner.privateRun(TestRunner.java:794)
at org.testng.TestRunner.run(TestRunner.java:596)
at org.testng.SuiteRunner.runTest(SuiteRunner.java:377)
at org.testng.SuiteRunner.runSequentially(SuiteRunner.java:371)
at org.testng.SuiteRunner.privateRun(SuiteRunner.java:332)
at org.testng.SuiteRunner.run(SuiteRunner.java:276)
at org.testng.SuiteRunnerWorker.runSuite(SuiteRunnerWorker.java:53)
at org.testng.SuiteRunnerWorker.run(SuiteRunnerWorker.java:96)
at org.testng.TestNG.runSuitesSequentially(TestNG.java:1212)
at org.testng.TestNG.runSuitesLocally(TestNG.java:1134)
at org.testng.TestNG.runSuites(TestNG.java:1063)
at org.testng.TestNG.run(TestNG.java:1031)
at org.testng.remote.AbstractRemoteTestNG.run(AbstractRemoteTestNG.java:115)
at org.testng.remote.RemoteTestNG.initAndRun(RemoteTestNG.java:251)
at org.testng.remote.RemoteTestNG.main(RemoteTestNG.java:77)
]]>
            </full-stacktrace>
          </exception> <!-- org.testng.TestNGException -->
          <reporter-output>
          </reporter-output>
        </test-method> <!-- failed -->
        <test-method is-config="true" signature="setUp()[pri:0, instance:takeScreenShotDynamic.ActiTimeTestNgLogin@5fd4f8f5]" started-at="2023-01-25T14:58:02 IST" name="setUp" finished-at="2023-01-25T14:58:03 IST" duration-ms="1226" status="PASS">
          <reporter-output>
          </reporter-output>
        </test-method> <!-- setUp -->
        <test-method signature="initialization()[pri:0, instance:takeScreenShotDynamic.ActiTimeTestNgLogin@5fd4f8f5]" started-at="2023-01-25T14:58:03 IST" name="initialization" finished-at="2023-01-25T14:58:04 IST" duration-ms="1289" status="PASS">
          <reporter-output>
          </reporter-output>
        </test-method> <!-- initialization -->
        <test-method is-config="true" signature="tearDown()[pri:0, instance:takeScreenShotDynamic.ActiTimeTestNgLogin@5fd4f8f5]" started-at="2023-01-25T14:58:04 IST" name="tearDown" finished-at="2023-01-25T14:58:04 IST" duration-ms="275" status="PASS">
          <reporter-output>
          </reporter-output>
        </test-method> <!-- tearDown -->
      </class> <!-- takeScreenShotDynamic.ActiTimeTestNgLogin -->
    </test> <!-- Default test -->
  </suite> <!-- Default suite -->
</testng-results>
